<?xml version="1.0" encoding="UTF-8"?>
<testng-results skipped="0" failed="0" total="1" passed="1">
  <reporter-output>
  </reporter-output>
  <suite name="Suite" duration-ms="138" started-at="2017-04-25T18:11:44Z" finished-at="2017-04-25T18:11:44Z">
    <groups>
    </groups>
    <test name="Default test" duration-ms="138" started-at="2017-04-25T18:11:44Z" finished-at="2017-04-25T18:11:44Z">
      <class name="TestPackage.ProcessTest">
        <test-method status="PASS" signature="Test()[pri:0, instance:TestPackage.ProcessTest@1ff8b8f]" name="Test" duration-ms="88" started-at="2017-04-25T23:41:44Z" finished-at="2017-04-25T23:41:44Z">
          <reporter-output>
          </reporter-output>
        </test-method> <!-- Test -->
      </class> <!-- TestPackage.ProcessTest -->
    </test> <!-- Default test -->
  </suite> <!-- Suite -->
</testng-results>
